0 info it worked if it ends with ok
1 verbose cli [
1 verbose cli   'C:\\Program Files\\nodejs\\node.exe',
1 verbose cli   'C:\\Users\\Paul Jung\\Desktop\\code\\portfolio-website\\server\\node_modules\\npm\\bin\\npm-cli.js',
1 verbose cli   'run',
1 verbose cli   'client'
1 verbose cli ]
2 info using npm@3.10.10
3 info using node@v14.17.6
4 verbose run-script [ 'preclient', 'client', 'postclient' ]
5 info lifecycle server@1.0.0~preclient: server@1.0.0
6 silly lifecycle server@1.0.0~preclient: no script for preclient, continuing
7 info lifecycle server@1.0.0~client: server@1.0.0
8 verbose lifecycle server@1.0.0~client: unsafe-perm in lifecycle true
9 verbose lifecycle server@1.0.0~client: PATH: C:\Users\Paul Jung\Desktop\code\portfolio-website\server\node_modules\npm\bin\node-gyp-bin;C:\Users\Paul Jung\Desktop\code\portfolio-website\server\node_modules\.bin;C:\Users\Paul Jung\Desktop\code\portfolio-website\server\node_modules\.bin;C:\Users\Paul Jung\Desktop\code\portfolio-website\node_modules\.bin;C:\Users\Paul Jung\Desktop\code\node_modules\.bin;C:\Users\Paul Jung\Desktop\node_modules\.bin;C:\Users\Paul Jung\node_modules\.bin;C:\Users\node_modules\.bin;C:\node_modules\.bin;C:\Users\Paul Jung\AppData\Roaming\npm\node_modules\npm\node_modules\@npmcli\run-script\lib\node-gyp-bin;C:\Program Files\Git\mingw64\bin;C:\Program Files\Git\usr\bin;C:\Users\Paul Jung\bin;C:\Program Files (x86)\Common Files\Oracle\Java\javapath;C:\Program Files\AdoptOpenJDK\jdk-11.0.10.9-hotspot\bin;C:\Windows\system32;C:\Windows;C:\Windows\System32\Wbem;C:\Windows\System32\WindowsPowerShell\v1.0;C:\Windows\System32\OpenSSH;C:\Program Files (x86)\NVIDIA Corporation\PhysX\Common;C:\Program Files\NVIDIA Corporation\NVIDIA NvDLISR;C:\Program Files\Git\cmd;C:\WINDOWS\system32;C:\WINDOWS;C:\WINDOWS\System32\Wbem;C:\WINDOWS\System32\WindowsPowerShell\v1.0;C:\WINDOWS\System32\OpenSSH;C:\Program Files\nodejs;C:\Program Files\Calibre2;C:\Program Files\MongoDB\Server\4.2\bin;C:\Users\Paul Jung\AppData\Local\Programs\Microsoft VS Code\bin;C:\Users\Paul Jung\AppData\Local\Microsoft\WindowsApps;C:\ProgramFiles(x86)\mingw-w64\i686-8.1.0-posix-dwarf-rt_v6-rev0\mingw32\bin;C:\MinGW\bin;C:\Users\Paul Jung\AppData\Roaming\npm;C:\Program Files\heroku\bin;C:\Users\Paul Jung\AppData\Local\Programs\mongosh
10 verbose lifecycle server@1.0.0~client: CWD: C:\Users\Paul Jung\Desktop\code\portfolio-website\server
11 silly lifecycle server@1.0.0~client: Args: [ '/d /s /c', 'npm start --prefix ../client/' ]
12 silly lifecycle server@1.0.0~client: Returned: code: 4294963242  signal: null
13 info lifecycle server@1.0.0~client: Failed to exec client script
14 verbose stack Error: server@1.0.0 client: `npm start --prefix ../client/`
14 verbose stack Exit status 4294963242
14 verbose stack     at EventEmitter.<anonymous> (C:\Users\Paul Jung\Desktop\code\portfolio-website\server\node_modules\npm\lib\utils\lifecycle.js:255:16)
14 verbose stack     at EventEmitter.emit (events.js:400:28)
14 verbose stack     at ChildProcess.<anonymous> (C:\Users\Paul Jung\Desktop\code\portfolio-website\server\node_modules\npm\lib\utils\spawn.js:40:14)
14 verbose stack     at ChildProcess.emit (events.js:400:28)
14 verbose stack     at maybeClose (internal/child_process.js:1055:16)
14 verbose stack     at Process.ChildProcess._handle.onexit (internal/child_process.js:288:5)
15 verbose pkgid server@1.0.0
16 verbose cwd C:\Users\Paul Jung\Desktop\code\portfolio-website\server
17 error Windows_NT 10.0.19044
18 error argv "C:\\Program Files\\nodejs\\node.exe" "C:\\Users\\Paul Jung\\Desktop\\code\\portfolio-website\\server\\node_modules\\npm\\bin\\npm-cli.js" "run" "client"
19 error node v14.17.6
20 error npm  v3.10.10
21 error code ELIFECYCLE
22 error server@1.0.0 client: `npm start --prefix ../client/`
22 error Exit status 4294963242
23 error Failed at the server@1.0.0 client script 'npm start --prefix ../client/'.
23 error Make sure you have the latest version of node.js and npm installed.
23 error If you do, this is most likely a problem with the server package,
23 error not with npm itself.
23 error Tell the author that this fails on your system:
23 error     npm start --prefix ../client/
23 error You can get information on how to open an issue for this project with:
23 error     npm bugs server
23 error Or if that isn't available, you can get their info via:
23 error     npm owner ls server
23 error There is likely additional logging output above.
24 verbose exit [ 1, true ]
